<?xml version="1.0" encoding="UTF-8"?>
<testsuite xmlns:xsi="http://www.w3.org/2001/XMLSchema-instance" xsi:noNamespaceSchemaLocation="https://maven.apache.org/surefire/maven-surefire-plugin/xsd/surefire-test-report.xsd" version="3.0.2" name="org.camunda.community.examples.twitter.BPMNTest" time="5.542" tests="1" errors="0" skipped="0" failures="0">
  <properties>
    <property name="java.specification.version" value="21"/>
    <property name="sun.cpu.isalist" value="amd64"/>
    <property name="sun.jnu.encoding" value="Cp1252"/>
    <property name="java.class.path" value="C:\Users\emapta\Desktop\Work\AngleFinance\TestAutomation\camunda-8-examples-main\camunda-8-examples-main\twitter-review-java-springboot\target\test-classes;C:\Users\emapta\Desktop\Work\AngleFinance\TestAutomation\camunda-8-examples-main\camunda-8-examples-main\twitter-review-java-springboot\target\classes;C:\Users\emapta\.m2\repository\org\springframework\boot\spring-boot-starter\3.3.0\spring-boot-starter-3.3.0.jar;C:\Users\emapta\.m2\repository\org\springframework\boot\spring-boot\3.3.0\spring-boot-3.3.0.jar;C:\Users\emapta\.m2\repository\org\springframework\spring-context\6.1.8\spring-context-6.1.8.jar;C:\Users\emapta\.m2\repository\org\springframework\spring-aop\6.1.8\spring-aop-6.1.8.jar;C:\Users\emapta\.m2\repository\org\springframework\spring-expression\6.1.8\spring-expression-6.1.8.jar;C:\Users\emapta\.m2\repository\org\springframework\boot\spring-boot-autoconfigure\3.3.0\spring-boot-autoconfigure-3.3.0.jar;C:\Users\emapta\.m2\repository\org\springframework\boot\spring-boot-starter-logging\3.3.0\spring-boot-starter-logging-3.3.0.jar;C:\Users\emapta\.m2\repository\ch\qos\logback\logback-classic\1.5.6\logback-classic-1.5.6.jar;C:\Users\emapta\.m2\repository\ch\qos\logback\logback-core\1.5.6\logback-core-1.5.6.jar;C:\Users\emapta\.m2\repository\org\apache\logging\log4j\log4j-to-slf4j\2.23.1\log4j-to-slf4j-2.23.1.jar;C:\Users\emapta\.m2\repository\org\apache\logging\log4j\log4j-api\2.23.1\log4j-api-2.23.1.jar;C:\Users\emapta\.m2\repository\org\slf4j\jul-to-slf4j\2.0.13\jul-to-slf4j-2.0.13.jar;C:\Users\emapta\.m2\repository\jakarta\annotation\jakarta.annotation-api\2.1.1\jakarta.annotation-api-2.1.1.jar;C:\Users\emapta\.m2\repository\org\springframework\spring-core\6.1.8\spring-core-6.1.8.jar;C:\Users\emapta\.m2\repository\org\springframework\spring-jcl\6.1.8\spring-jcl-6.1.8.jar;C:\Users\emapta\.m2\repository\org\yaml\snakeyaml\2.2\snakeyaml-2.2.jar;C:\Users\emapta\.m2\repository\io\camunda\spring\spring-boot-starter-camunda\8.5.7\spring-boot-starter-camunda-8.5.7.jar;C:\Users\emapta\.m2\repository\io\camunda\spring\spring-client-zeebe\8.5.7\spring-client-zeebe-8.5.7.jar;C:\Users\emapta\.m2\repository\io\camunda\spring\spring-client-annotations\8.5.7\spring-client-annotations-8.5.7.jar;C:\Users\emapta\.m2\repository\io\camunda\zeebe-client-java\8.5.10\zeebe-client-java-8.5.10.jar;C:\Users\emapta\.m2\repository\com\fasterxml\jackson\core\jackson-core\2.17.1\jackson-core-2.17.1.jar;C:\Users\emapta\.m2\repository\com\fasterxml\jackson\core\jackson-annotations\2.17.1\jackson-annotations-2.17.1.jar;C:\Users\emapta\.m2\repository\com\google\code\findbugs\jsr305\3.0.2\jsr305-3.0.2.jar;C:\Users\emapta\.m2\repository\org\apache\httpcomponents\core5\httpcore5\5.2.4\httpcore5-5.2.4.jar;C:\Users\emapta\.m2\repository\io\camunda\zeebe-gateway-protocol-impl\8.5.10\zeebe-gateway-protocol-impl-8.5.10.jar;C:\Users\emapta\.m2\repository\org\apache\httpcomponents\client5\httpclient5\5.3.1\httpclient5-5.3.1.jar;C:\Users\emapta\.m2\repository\org\apache\httpcomponents\core5\httpcore5-h2\5.2.4\httpcore5-h2-5.2.4.jar;C:\Users\emapta\.m2\repository\io\grpc\grpc-stub\1.65.1\grpc-stub-1.65.1.jar;C:\Users\emapta\.m2\repository\com\google\errorprone\error_prone_annotations\2.23.0\error_prone_annotations-2.23.0.jar;C:\Users\emapta\.m2\repository\io\grpc\grpc-core\1.65.1\grpc-core-1.65.1.jar;C:\Users\emapta\.m2\repository\com\google\android\annotations\4.1.1.4\annotations-4.1.1.4.jar;C:\Users\emapta\.m2\repository\org\codehaus\mojo\animal-sniffer-annotations\1.23\animal-sniffer-annotations-1.23.jar;C:\Users\emapta\.m2\repository\io\perfmark\perfmark-api\0.26.0\perfmark-api-0.26.0.jar;C:\Users\emapta\.m2\repository\io\grpc\grpc-context\1.65.1\grpc-context-1.65.1.jar;C:\Users\emapta\.m2\repository\io\grpc\grpc-api\1.65.1\grpc-api-1.65.1.jar;C:\Users\emapta\.m2\repository\io\grpc\grpc-netty\1.65.1\grpc-netty-1.65.1.jar;C:\Users\emapta\.m2\repository\io\netty\netty-handler-proxy\4.1.110.Final\netty-handler-proxy-4.1.110.Final.jar;C:\Users\emapta\.m2\repository\io\netty\netty-codec-socks\4.1.110.Final\netty-codec-socks-4.1.110.Final.jar;C:\Users\emapta\.m2\repository\io\netty\netty-transport-native-unix-common\4.1.110.Final\netty-transport-native-unix-common-4.1.110.Final.jar;C:\Users\emapta\.m2\repository\io\grpc\grpc-util\1.65.1\grpc-util-1.65.1.jar;C:\Users\emapta\.m2\repository\com\google\protobuf\protobuf-java\3.25.5\protobuf-java-3.25.5.jar;C:\Users\emapta\.m2\repository\io\netty\netty-tcnative-boringssl-static\2.0.65.Final\netty-tcnative-boringssl-static-2.0.65.Final.jar;C:\Users\emapta\.m2\repository\io\netty\netty-tcnative-classes\2.0.65.Final\netty-tcnative-classes-2.0.65.Final.jar;C:\Users\emapta\.m2\repository\io\netty\netty-tcnative-boringssl-static\2.0.65.Final\netty-tcnative-boringssl-static-2.0.65.Final-linux-x86_64.jar;C:\Users\emapta\.m2\repository\io\netty\netty-tcnative-boringssl-static\2.0.65.Final\netty-tcnative-boringssl-static-2.0.65.Final-linux-aarch_64.jar;C:\Users\emapta\.m2\repository\io\netty\netty-tcnative-boringssl-static\2.0.65.Final\netty-tcnative-boringssl-static-2.0.65.Final-osx-x86_64.jar;C:\Users\emapta\.m2\repository\io\netty\netty-tcnative-boringssl-static\2.0.65.Final\netty-tcnative-boringssl-static-2.0.65.Final-osx-aarch_64.jar;C:\Users\emapta\.m2\repository\io\netty\netty-tcnative-boringssl-static\2.0.65.Final\netty-tcnative-boringssl-static-2.0.65.Final-windows-x86_64.jar;C:\Users\emapta\.m2\repository\io\netty\netty-handler\4.1.110.Final\netty-handler-4.1.110.Final.jar;C:\Users\emapta\.m2\repository\io\netty\netty-resolver\4.1.110.Final\netty-resolver-4.1.110.Final.jar;C:\Users\emapta\.m2\repository\io\netty\netty-buffer\4.1.110.Final\netty-buffer-4.1.110.Final.jar;C:\Users\emapta\.m2\repository\io\netty\netty-transport\4.1.110.Final\netty-transport-4.1.110.Final.jar;C:\Users\emapta\.m2\repository\io\netty\netty-codec\4.1.110.Final\netty-codec-4.1.110.Final.jar;C:\Users\emapta\.m2\repository\io\netty\netty-common\4.1.110.Final\netty-common-4.1.110.Final.jar;C:\Users\emapta\.m2\repository\com\fasterxml\jackson\dataformat\jackson-dataformat-yaml\2.17.1\jackson-dataformat-yaml-2.17.1.jar;C:\Users\emapta\.m2\repository\commons-beanutils\commons-beanutils\1.9.4\commons-beanutils-1.9.4.jar;C:\Users\emapta\.m2\repository\commons-logging\commons-logging\1.2\commons-logging-1.2.jar;C:\Users\emapta\.m2\repository\commons-collections\commons-collections\3.2.2\commons-collections-3.2.2.jar;C:\Users\emapta\.m2\repository\org\springframework\boot\spring-boot-starter-json\3.3.0\spring-boot-starter-json-3.3.0.jar;C:\Users\emapta\.m2\repository\com\fasterxml\jackson\core\jackson-databind\2.17.1\jackson-databind-2.17.1.jar;C:\Users\emapta\.m2\repository\com\fasterxml\jackson\datatype\jackson-datatype-jdk8\2.17.1\jackson-datatype-jdk8-2.17.1.jar;C:\Users\emapta\.m2\repository\com\fasterxml\jackson\datatype\jackson-datatype-jsr310\2.17.1\jackson-datatype-jsr310-2.17.1.jar;C:\Users\emapta\.m2\repository\com\fasterxml\jackson\module\jackson-module-parameter-names\2.17.1\jackson-module-parameter-names-2.17.1.jar;C:\Users\emapta\.m2\repository\io\camunda\spring\java-client-operate\8.5.7\java-client-operate-8.5.7.jar;C:\Users\emapta\.m2\repository\io\camunda\spring\java-common\8.5.7\java-common-8.5.7.jar;C:\Users\emapta\.m2\repository\com\google\guava\guava\33.0.0-jre\guava-33.0.0-jre.jar;C:\Users\emapta\.m2\repository\com\google\guava\failureaccess\1.0.2\failureaccess-1.0.2.jar;C:\Users\emapta\.m2\repository\com\google\guava\listenablefuture\9999.0-empty-to-avoid-conflict-with-guava\listenablefuture-9999.0-empty-to-avoid-conflict-with-guava.jar;C:\Users\emapta\.m2\repository\org\checkerframework\checker-qual\3.41.0\checker-qual-3.41.0.jar;C:\Users\emapta\.m2\repository\com\google\j2objc\j2objc-annotations\2.8\j2objc-annotations-2.8.jar;C:\Users\emapta\.m2\repository\io\camunda\zeebe-bpmn-model\8.5.10\zeebe-bpmn-model-8.5.10.jar;C:\Users\emapta\.m2\repository\org\camunda\bpm\model\camunda-xml-model\7.22.0\camunda-xml-model-7.22.0.jar;C:\Users\emapta\.m2\repository\io\github\resilience4j\resilience4j-retry\2.2.0\resilience4j-retry-2.2.0.jar;C:\Users\emapta\.m2\repository\io\github\resilience4j\resilience4j-core\2.2.0\resilience4j-core-2.2.0.jar;C:\Users\emapta\.m2\repository\io\camunda\spring\spring-client-common\8.5.7\spring-client-common-8.5.7.jar;C:\Users\emapta\.m2\repository\io\camunda\identity-spring-boot-autoconfigure\8.5.3\identity-spring-boot-autoconfigure-8.5.3.jar;C:\Users\emapta\.m2\repository\io\camunda\identity-sdk\8.5.3\identity-sdk-8.5.3.jar;C:\Users\emapta\.m2\repository\com\auth0\java-jwt\4.4.0\java-jwt-4.4.0.jar;C:\Users\emapta\.m2\repository\com\auth0\auth0\1.45.1\auth0-1.45.1.jar;C:\Users\emapta\.m2\repository\com\squareup\okhttp3\okhttp\4.12.0\okhttp-4.12.0.jar;C:\Users\emapta\.m2\repository\com\squareup\okio\okio\3.5.0\okio-3.5.0.jar;C:\Users\emapta\.m2\repository\com\squareup\okio\okio-jvm\3.5.0\okio-jvm-3.5.0.jar;C:\Users\emapta\.m2\repository\com\squareup\okhttp3\logging-interceptor\4.12.0\logging-interceptor-4.12.0.jar;C:\Users\emapta\.m2\repository\net\jodah\failsafe\2.4.1\failsafe-2.4.1.jar;C:\Users\emapta\.m2\repository\com\auth0\jwks-rsa\0.22.1\jwks-rsa-0.22.1.jar;C:\Users\emapta\.m2\repository\org\apache\commons\commons-collections4\4.4\commons-collections4-4.4.jar;C:\Users\emapta\.m2\repository\org\ehcache\ehcache\3.10.8\ehcache-3.10.8.jar;C:\Users\emapta\.m2\repository\javax\cache\cache-api\1.1.1\cache-api-1.1.1.jar;C:\Users\emapta\.m2\repository\org\slf4j\slf4j-api\2.0.13\slf4j-api-2.0.13.jar;C:\Users\emapta\.m2\repository\org\springframework\boot\spring-boot-starter-test\3.3.0\spring-boot-starter-test-3.3.0.jar;C:\Users\emapta\.m2\repository\org\springframework\boot\spring-boot-test\3.3.0\spring-boot-test-3.3.0.jar;C:\Users\emapta\.m2\repository\org\springframework\boot\spring-boot-test-autoconfigure\3.3.0\spring-boot-test-autoconfigure-3.3.0.jar;C:\Users\emapta\.m2\repository\com\jayway\jsonpath\json-path\2.9.0\json-path-2.9.0.jar;C:\Users\emapta\.m2\repository\jakarta\xml\bind\jakarta.xml.bind-api\4.0.2\jakarta.xml.bind-api-4.0.2.jar;C:\Users\emapta\.m2\repository\jakarta\activation\jakarta.activation-api\2.1.3\jakarta.activation-api-2.1.3.jar;C:\Users\emapta\.m2\repository\net\minidev\json-smart\2.5.1\json-smart-2.5.1.jar;C:\Users\emapta\.m2\repository\net\minidev\accessors-smart\2.5.1\accessors-smart-2.5.1.jar;C:\Users\emapta\.m2\repository\org\ow2\asm\asm\9.6\asm-9.6.jar;C:\Users\emapta\.m2\repository\org\assertj\assertj-core\3.25.3\assertj-core-3.25.3.jar;C:\Users\emapta\.m2\repository\net\bytebuddy\byte-buddy\1.14.16\byte-buddy-1.14.16.jar;C:\Users\emapta\.m2\repository\org\awaitility\awaitility\4.2.1\awaitility-4.2.1.jar;C:\Users\emapta\.m2\repository\org\hamcrest\hamcrest\2.2\hamcrest-2.2.jar;C:\Users\emapta\.m2\repository\org\junit\jupiter\junit-jupiter\5.10.2\junit-jupiter-5.10.2.jar;C:\Users\emapta\.m2\repository\org\junit\jupiter\junit-jupiter-api\5.10.2\junit-jupiter-api-5.10.2.jar;C:\Users\emapta\.m2\repository\org\opentest4j\opentest4j\1.3.0\opentest4j-1.3.0.jar;C:\Users\emapta\.m2\repository\org\apiguardian\apiguardian-api\1.1.2\apiguardian-api-1.1.2.jar;C:\Users\emapta\.m2\repository\org\junit\jupiter\junit-jupiter-params\5.10.2\junit-jupiter-params-5.10.2.jar;C:\Users\emapta\.m2\repository\org\junit\jupiter\junit-jupiter-engine\5.10.2\junit-jupiter-engine-5.10.2.jar;C:\Users\emapta\.m2\repository\org\junit\platform\junit-platform-engine\1.10.2\junit-platform-engine-1.10.2.jar;C:\Users\emapta\.m2\repository\org\mockito\mockito-core\5.11.0\mockito-core-5.11.0.jar;C:\Users\emapta\.m2\repository\net\bytebuddy\byte-buddy-agent\1.14.16\byte-buddy-agent-1.14.16.jar;C:\Users\emapta\.m2\repository\org\objenesis\objenesis\3.3\objenesis-3.3.jar;C:\Users\emapta\.m2\repository\org\mockito\mockito-junit-jupiter\5.11.0\mockito-junit-jupiter-5.11.0.jar;C:\Users\emapta\.m2\repository\org\skyscreamer\jsonassert\1.5.1\jsonassert-1.5.1.jar;C:\Users\emapta\.m2\repository\com\vaadin\external\google\android-json\0.0.20131108.vaadin1\android-json-0.0.20131108.vaadin1.jar;C:\Users\emapta\.m2\repository\org\springframework\spring-test\6.1.8\spring-test-6.1.8.jar;C:\Users\emapta\.m2\repository\org\xmlunit\xmlunit-core\2.9.1\xmlunit-core-2.9.1.jar;C:\Users\emapta\.m2\repository\io\camunda\spring\spring-boot-starter-camunda-test\8.5.7\spring-boot-starter-camunda-test-8.5.7.jar;C:\Users\emapta\.m2\repository\io\camunda\spring\spring-boot-starter-camunda-test-common\8.5.7\spring-boot-starter-camunda-test-common-8.5.7.jar;C:\Users\emapta\.m2\repository\io\camunda\zeebe-process-test-extension\8.5.4\zeebe-process-test-extension-8.5.4.jar;C:\Users\emapta\.m2\repository\io\camunda\zeebe-process-test-engine\8.5.4\zeebe-process-test-engine-8.5.4.jar;C:\Users\emapta\.m2\repository\io\camunda\zeebe-workflow-engine\8.5.4\zeebe-workflow-engine-8.5.4.jar;C:\Users\emapta\.m2\repository\io\camunda\zeebe-msgpack-core\8.5.4\zeebe-msgpack-core-8.5.4.jar;C:\Users\emapta\.m2\repository\io\camunda\zeebe-expression-language\8.5.4\zeebe-expression-language-8.5.4.jar;C:\Users\emapta\.m2\repository\io\camunda\zeebe-feel-integration\8.5.4\zeebe-feel-integration-8.5.4.jar;C:\Users\emapta\.m2\repository\org\scala-lang\scala-library\2.13.14\scala-library-2.13.14.jar;C:\Users\emapta\.m2\repository\io\camunda\zeebe-dmn\8.5.4\zeebe-dmn-8.5.4.jar;C:\Users\emapta\.m2\repository\org\camunda\bpm\extension\dmn\scala\dmn-engine\1.9.0\dmn-engine-1.9.0.jar;C:\Users\emapta\.m2\repository\org\camunda\bpm\model\camunda-dmn-model\7.20.0\camunda-dmn-model-7.20.0.jar;C:\Users\emapta\.m2\repository\io\camunda\zeebe-auth\8.5.4\zeebe-auth-8.5.4.jar;C:\Users\emapta\.m2\repository\io\prometheus\simpleclient\0.16.0\simpleclient-0.16.0.jar;C:\Users\emapta\.m2\repository\io\prometheus\simpleclient_tracer_otel\0.16.0\simpleclient_tracer_otel-0.16.0.jar;C:\Users\emapta\.m2\repository\io\prometheus\simpleclient_tracer_common\0.16.0\simpleclient_tracer_common-0.16.0.jar;C:\Users\emapta\.m2\repository\io\prometheus\simpleclient_tracer_otel_agent\0.16.0\simpleclient_tracer_otel_agent-0.16.0.jar;C:\Users\emapta\.m2\repository\com\cronutils\cron-utils\9.2.1\cron-utils-9.2.1.jar;C:\Users\emapta\.m2\repository\org\camunda\feel\feel-engine\1.17.7\feel-engine-1.17.7.jar;C:\Users\emapta\.m2\repository\com\lihaoyi\fastparse_2.13\3.0.2\fastparse_2.13-3.0.2.jar;C:\Users\emapta\.m2\repository\com\lihaoyi\sourcecode_2.13\0.3.0\sourcecode_2.13-0.3.0.jar;C:\Users\emapta\.m2\repository\com\lihaoyi\geny_2.13\1.0.0\geny_2.13-1.0.0.jar;C:\Users\emapta\.m2\repository\io\camunda\zeebe-util\8.5.4\zeebe-util-8.5.4.jar;C:\Users\emapta\.m2\repository\org\apache\logging\log4j\log4j-core\2.23.1\log4j-core-2.23.1.jar;C:\Users\emapta\.m2\repository\org\springframework\boot\spring-boot-actuator\3.3.0\spring-boot-actuator-3.3.0.jar;C:\Users\emapta\.m2\repository\org\springframework\boot\spring-boot-actuator-autoconfigure\3.3.0\spring-boot-actuator-autoconfigure-3.3.0.jar;C:\Users\emapta\.m2\repository\io\camunda\zeebe-logstreams\8.5.4\zeebe-logstreams-8.5.4.jar;C:\Users\emapta\.m2\repository\com\netflix\concurrency-limits\concurrency-limits-core\0.4.2\concurrency-limits-core-0.4.2.jar;C:\Users\emapta\.m2\repository\io\camunda\zeebe-msgpack-value\8.5.4\zeebe-msgpack-value-8.5.4.jar;C:\Users\emapta\.m2\repository\io\camunda\zeebe-protocol\8.5.10\zeebe-protocol-8.5.10.jar;C:\Users\emapta\.m2\repository\io\camunda\zeebe-protocol-impl\8.5.4\zeebe-protocol-impl-8.5.4.jar;C:\Users\emapta\.m2\repository\org\msgpack\jackson-dataformat-msgpack\0.9.8\jackson-dataformat-msgpack-0.9.8.jar;C:\Users\emapta\.m2\repository\org\msgpack\msgpack-core\0.9.8\msgpack-core-0.9.8.jar;C:\Users\emapta\.m2\repository\io\camunda\zeebe-db\8.5.4\zeebe-db-8.5.4.jar;C:\Users\emapta\.m2\repository\io\camunda\zeebe-snapshots\8.5.4\zeebe-snapshots-8.5.4.jar;C:\Users\emapta\.m2\repository\org\rocksdb\rocksdbjni\8.11.4\rocksdbjni-8.11.4.jar;C:\Users\emapta\.m2\repository\io\camunda\zeebe-scheduler\8.5.4\zeebe-scheduler-8.5.4.jar;C:\Users\emapta\.m2\repository\org\jetbrains\annotations\24.1.0\annotations-24.1.0.jar;C:\Users\emapta\.m2\repository\io\camunda\zeebe-stream-platform\8.5.4\zeebe-stream-platform-8.5.4.jar;C:\Users\emapta\.m2\repository\com\google\api\grpc\proto-google-common-protos\2.37.1\proto-google-common-protos-2.37.1.jar;C:\Users\emapta\.m2\repository\org\agrona\agrona\1.21.0\agrona-1.21.0.jar;C:\Users\emapta\.m2\repository\io\grpc\grpc-protobuf\1.62.2\grpc-protobuf-1.62.2.jar;C:\Users\emapta\.m2\repository\io\grpc\grpc-protobuf-lite\1.62.2\grpc-protobuf-lite-1.62.2.jar;C:\Users\emapta\.m2\repository\io\camunda\zeebe-process-test-assertions\8.5.4\zeebe-process-test-assertions-8.5.4.jar;C:\Users\emapta\.m2\repository\io\camunda\zeebe-process-test-filters\8.5.4\zeebe-process-test-filters-8.5.4.jar;C:\Users\emapta\.m2\repository\io\camunda\zeebe-process-test-api\8.5.4\zeebe-process-test-api-8.5.4.jar;C:\Users\emapta\.m2\repository\org\junit\platform\junit-platform-commons\1.10.2\junit-platform-commons-1.10.2.jar;C:\Users\emapta\.m2\repository\org\camunda\community\process_test_coverage\camunda-process-test-coverage-junit5-platform-8\2.7.0\camunda-process-test-coverage-junit5-platform-8-2.7.0.jar;C:\Users\emapta\.m2\repository\org\camunda\community\process_test_coverage\camunda-process-test-coverage-junit5-common\2.7.0\camunda-process-test-coverage-junit5-common-2.7.0.jar;C:\Users\emapta\.m2\repository\org\camunda\community\process_test_coverage\camunda-process-test-coverage-core\2.7.0\camunda-process-test-coverage-core-2.7.0.jar;C:\Users\emapta\.m2\repository\org\camunda\community\process_test_coverage\camunda-process-test-coverage-engine-platform-8\2.7.0\camunda-process-test-coverage-engine-platform-8-2.7.0.jar;C:\Users\emapta\.m2\repository\com\google\code\gson\gson\2.10.1\gson-2.10.1.jar;C:\Users\emapta\.m2\repository\org\camunda\community\process_test_coverage\camunda-process-test-coverage-report-generator\2.7.0\camunda-process-test-coverage-report-generator-2.7.0.jar;C:\Users\emapta\.m2\repository\org\apache\commons\commons-lang3\3.14.0\commons-lang3-3.14.0.jar;C:\Users\emapta\.m2\repository\io\github\microutils\kotlin-logging-jvm\3.0.5\kotlin-logging-jvm-3.0.5.jar;C:\Users\emapta\.m2\repository\org\jetbrains\kotlin\kotlin-stdlib-jdk8\1.9.24\kotlin-stdlib-jdk8-1.9.24.jar;C:\Users\emapta\.m2\repository\org\jetbrains\kotlin\kotlin-stdlib\1.9.24\kotlin-stdlib-1.9.24.jar;C:\Users\emapta\.m2\repository\org\jetbrains\kotlin\kotlin-stdlib-jdk7\1.9.24\kotlin-stdlib-jdk7-1.9.24.jar;C:\Users\emapta\.m2\repository\org\jetbrains\kotlin\kotlin-stdlib-common\1.9.24\kotlin-stdlib-common-1.9.24.jar;C:\Users\emapta\.m2\repository\org\springframework\boot\spring-boot-starter-webflux\3.3.0\spring-boot-starter-webflux-3.3.0.jar;C:\Users\emapta\.m2\repository\org\springframework\boot\spring-boot-starter-reactor-netty\3.3.0\spring-boot-starter-reactor-netty-3.3.0.jar;C:\Users\emapta\.m2\repository\io\projectreactor\netty\reactor-netty-http\1.1.19\reactor-netty-http-1.1.19.jar;C:\Users\emapta\.m2\repository\io\netty\netty-codec-http\4.1.110.Final\netty-codec-http-4.1.110.Final.jar;C:\Users\emapta\.m2\repository\io\netty\netty-codec-http2\4.1.110.Final\netty-codec-http2-4.1.110.Final.jar;C:\Users\emapta\.m2\repository\io\netty\netty-resolver-dns\4.1.110.Final\netty-resolver-dns-4.1.110.Final.jar;C:\Users\emapta\.m2\repository\io\netty\netty-codec-dns\4.1.110.Final\netty-codec-dns-4.1.110.Final.jar;C:\Users\emapta\.m2\repository\io\netty\netty-resolver-dns-native-macos\4.1.110.Final\netty-resolver-dns-native-macos-4.1.110.Final-osx-x86_64.jar;C:\Users\emapta\.m2\repository\io\netty\netty-resolver-dns-classes-macos\4.1.110.Final\netty-resolver-dns-classes-macos-4.1.110.Final.jar;C:\Users\emapta\.m2\repository\io\netty\netty-transport-native-epoll\4.1.110.Final\netty-transport-native-epoll-4.1.110.Final-linux-x86_64.jar;C:\Users\emapta\.m2\repository\io\netty\netty-transport-classes-epoll\4.1.110.Final\netty-transport-classes-epoll-4.1.110.Final.jar;C:\Users\emapta\.m2\repository\io\projectreactor\netty\reactor-netty-core\1.1.19\reactor-netty-core-1.1.19.jar;C:\Users\emapta\.m2\repository\org\springframework\spring-web\6.1.8\spring-web-6.1.8.jar;C:\Users\emapta\.m2\repository\org\springframework\spring-beans\6.1.8\spring-beans-6.1.8.jar;C:\Users\emapta\.m2\repository\io\micrometer\micrometer-observation\1.13.0\micrometer-observation-1.13.0.jar;C:\Users\emapta\.m2\repository\io\micrometer\micrometer-commons\1.13.0\micrometer-commons-1.13.0.jar;C:\Users\emapta\.m2\repository\org\springframework\spring-webflux\6.1.8\spring-webflux-6.1.8.jar;C:\Users\emapta\.m2\repository\io\projectreactor\reactor-core\3.6.6\reactor-core-3.6.6.jar;C:\Users\emapta\.m2\repository\org\reactivestreams\reactive-streams\1.0.4\reactive-streams-1.0.4.jar;"/>
    <property name="java.vm.vendor" value="Oracle Corporation"/>
    <property name="sun.arch.data.model" value="64"/>
    <property name="user.variant" value=""/>
    <property name="java.vendor.url" value="https://java.oracle.com/"/>
    <property name="user.timezone" value="Asia/Manila"/>
    <property name="os.name" value="Windows 11"/>
    <property name="java.vm.specification.version" value="21"/>
    <property name="user.country" value="PH"/>
    <property name="sun.java.launcher" value="SUN_STANDARD"/>
    <property name="sun.boot.library.path" value="C:\Program Files\Java\jdk-21\bin"/>
    <property name="sun.java.command" value="C:\Users\emapta\AppData\Local\Temp\surefire10985751623193735112\surefirebooter-20250113120738735_3.jar C:\Users\emapta\AppData\Local\Temp\surefire10985751623193735112 2025-01-13T12-07-38_593-jvmRun1 surefire-20250113120738735_1tmp surefire_0-20250113120738735_2tmp"/>
    <property name="jdk.debug" value="release"/>
    <property name="test" value="org.camunda.community.examples.twitter.BPMNTest#TestBPMN"/>
    <property name="surefire.test.class.path" value="C:\Users\emapta\Desktop\Work\AngleFinance\TestAutomation\camunda-8-examples-main\camunda-8-examples-main\twitter-review-java-springboot\target\test-classes;C:\Users\emapta\Desktop\Work\AngleFinance\TestAutomation\camunda-8-examples-main\camunda-8-examples-main\twitter-review-java-springboot\target\classes;C:\Users\emapta\.m2\repository\org\springframework\boot\spring-boot-starter\3.3.0\spring-boot-starter-3.3.0.jar;C:\Users\emapta\.m2\repository\org\springframework\boot\spring-boot\3.3.0\spring-boot-3.3.0.jar;C:\Users\emapta\.m2\repository\org\springframework\spring-context\6.1.8\spring-context-6.1.8.jar;C:\Users\emapta\.m2\repository\org\springframework\spring-aop\6.1.8\spring-aop-6.1.8.jar;C:\Users\emapta\.m2\repository\org\springframework\spring-expression\6.1.8\spring-expression-6.1.8.jar;C:\Users\emapta\.m2\repository\org\springframework\boot\spring-boot-autoconfigure\3.3.0\spring-boot-autoconfigure-3.3.0.jar;C:\Users\emapta\.m2\repository\org\springframework\boot\spring-boot-starter-logging\3.3.0\spring-boot-starter-logging-3.3.0.jar;C:\Users\emapta\.m2\repository\ch\qos\logback\logback-classic\1.5.6\logback-classic-1.5.6.jar;C:\Users\emapta\.m2\repository\ch\qos\logback\logback-core\1.5.6\logback-core-1.5.6.jar;C:\Users\emapta\.m2\repository\org\apache\logging\log4j\log4j-to-slf4j\2.23.1\log4j-to-slf4j-2.23.1.jar;C:\Users\emapta\.m2\repository\org\apache\logging\log4j\log4j-api\2.23.1\log4j-api-2.23.1.jar;C:\Users\emapta\.m2\repository\org\slf4j\jul-to-slf4j\2.0.13\jul-to-slf4j-2.0.13.jar;C:\Users\emapta\.m2\repository\jakarta\annotation\jakarta.annotation-api\2.1.1\jakarta.annotation-api-2.1.1.jar;C:\Users\emapta\.m2\repository\org\springframework\spring-core\6.1.8\spring-core-6.1.8.jar;C:\Users\emapta\.m2\repository\org\springframework\spring-jcl\6.1.8\spring-jcl-6.1.8.jar;C:\Users\emapta\.m2\repository\org\yaml\snakeyaml\2.2\snakeyaml-2.2.jar;C:\Users\emapta\.m2\repository\io\camunda\spring\spring-boot-starter-camunda\8.5.7\spring-boot-starter-camunda-8.5.7.jar;C:\Users\emapta\.m2\repository\io\camunda\spring\spring-client-zeebe\8.5.7\spring-client-zeebe-8.5.7.jar;C:\Users\emapta\.m2\repository\io\camunda\spring\spring-client-annotations\8.5.7\spring-client-annotations-8.5.7.jar;C:\Users\emapta\.m2\repository\io\camunda\zeebe-client-java\8.5.10\zeebe-client-java-8.5.10.jar;C:\Users\emapta\.m2\repository\com\fasterxml\jackson\core\jackson-core\2.17.1\jackson-core-2.17.1.jar;C:\Users\emapta\.m2\repository\com\fasterxml\jackson\core\jackson-annotations\2.17.1\jackson-annotations-2.17.1.jar;C:\Users\emapta\.m2\repository\com\google\code\findbugs\jsr305\3.0.2\jsr305-3.0.2.jar;C:\Users\emapta\.m2\repository\org\apache\httpcomponents\core5\httpcore5\5.2.4\httpcore5-5.2.4.jar;C:\Users\emapta\.m2\repository\io\camunda\zeebe-gateway-protocol-impl\8.5.10\zeebe-gateway-protocol-impl-8.5.10.jar;C:\Users\emapta\.m2\repository\org\apache\httpcomponents\client5\httpclient5\5.3.1\httpclient5-5.3.1.jar;C:\Users\emapta\.m2\repository\org\apache\httpcomponents\core5\httpcore5-h2\5.2.4\httpcore5-h2-5.2.4.jar;C:\Users\emapta\.m2\repository\io\grpc\grpc-stub\1.65.1\grpc-stub-1.65.1.jar;C:\Users\emapta\.m2\repository\com\google\errorprone\error_prone_annotations\2.23.0\error_prone_annotations-2.23.0.jar;C:\Users\emapta\.m2\repository\io\grpc\grpc-core\1.65.1\grpc-core-1.65.1.jar;C:\Users\emapta\.m2\repository\com\google\android\annotations\4.1.1.4\annotations-4.1.1.4.jar;C:\Users\emapta\.m2\repository\org\codehaus\mojo\animal-sniffer-annotations\1.23\animal-sniffer-annotations-1.23.jar;C:\Users\emapta\.m2\repository\io\perfmark\perfmark-api\0.26.0\perfmark-api-0.26.0.jar;C:\Users\emapta\.m2\repository\io\grpc\grpc-context\1.65.1\grpc-context-1.65.1.jar;C:\Users\emapta\.m2\repository\io\grpc\grpc-api\1.65.1\grpc-api-1.65.1.jar;C:\Users\emapta\.m2\repository\io\grpc\grpc-netty\1.65.1\grpc-netty-1.65.1.jar;C:\Users\emapta\.m2\repository\io\netty\netty-handler-proxy\4.1.110.Final\netty-handler-proxy-4.1.110.Final.jar;C:\Users\emapta\.m2\repository\io\netty\netty-codec-socks\4.1.110.Final\netty-codec-socks-4.1.110.Final.jar;C:\Users\emapta\.m2\repository\io\netty\netty-transport-native-unix-common\4.1.110.Final\netty-transport-native-unix-common-4.1.110.Final.jar;C:\Users\emapta\.m2\repository\io\grpc\grpc-util\1.65.1\grpc-util-1.65.1.jar;C:\Users\emapta\.m2\repository\com\google\protobuf\protobuf-java\3.25.5\protobuf-java-3.25.5.jar;C:\Users\emapta\.m2\repository\io\netty\netty-tcnative-boringssl-static\2.0.65.Final\netty-tcnative-boringssl-static-2.0.65.Final.jar;C:\Users\emapta\.m2\repository\io\netty\netty-tcnative-classes\2.0.65.Final\netty-tcnative-classes-2.0.65.Final.jar;C:\Users\emapta\.m2\repository\io\netty\netty-tcnative-boringssl-static\2.0.65.Final\netty-tcnative-boringssl-static-2.0.65.Final-linux-x86_64.jar;C:\Users\emapta\.m2\repository\io\netty\netty-tcnative-boringssl-static\2.0.65.Final\netty-tcnative-boringssl-static-2.0.65.Final-linux-aarch_64.jar;C:\Users\emapta\.m2\repository\io\netty\netty-tcnative-boringssl-static\2.0.65.Final\netty-tcnative-boringssl-static-2.0.65.Final-osx-x86_64.jar;C:\Users\emapta\.m2\repository\io\netty\netty-tcnative-boringssl-static\2.0.65.Final\netty-tcnative-boringssl-static-2.0.65.Final-osx-aarch_64.jar;C:\Users\emapta\.m2\repository\io\netty\netty-tcnative-boringssl-static\2.0.65.Final\netty-tcnative-boringssl-static-2.0.65.Final-windows-x86_64.jar;C:\Users\emapta\.m2\repository\io\netty\netty-handler\4.1.110.Final\netty-handler-4.1.110.Final.jar;C:\Users\emapta\.m2\repository\io\netty\netty-resolver\4.1.110.Final\netty-resolver-4.1.110.Final.jar;C:\Users\emapta\.m2\repository\io\netty\netty-buffer\4.1.110.Final\netty-buffer-4.1.110.Final.jar;C:\Users\emapta\.m2\repository\io\netty\netty-transport\4.1.110.Final\netty-transport-4.1.110.Final.jar;C:\Users\emapta\.m2\repository\io\netty\netty-codec\4.1.110.Final\netty-codec-4.1.110.Final.jar;C:\Users\emapta\.m2\repository\io\netty\netty-common\4.1.110.Final\netty-common-4.1.110.Final.jar;C:\Users\emapta\.m2\repository\com\fasterxml\jackson\dataformat\jackson-dataformat-yaml\2.17.1\jackson-dataformat-yaml-2.17.1.jar;C:\Users\emapta\.m2\repository\commons-beanutils\commons-beanutils\1.9.4\commons-beanutils-1.9.4.jar;C:\Users\emapta\.m2\repository\commons-logging\commons-logging\1.2\commons-logging-1.2.jar;C:\Users\emapta\.m2\repository\commons-collections\commons-collections\3.2.2\commons-collections-3.2.2.jar;C:\Users\emapta\.m2\repository\org\springframework\boot\spring-boot-starter-json\3.3.0\spring-boot-starter-json-3.3.0.jar;C:\Users\emapta\.m2\repository\com\fasterxml\jackson\core\jackson-databind\2.17.1\jackson-databind-2.17.1.jar;C:\Users\emapta\.m2\repository\com\fasterxml\jackson\datatype\jackson-datatype-jdk8\2.17.1\jackson-datatype-jdk8-2.17.1.jar;C:\Users\emapta\.m2\repository\com\fasterxml\jackson\datatype\jackson-datatype-jsr310\2.17.1\jackson-datatype-jsr310-2.17.1.jar;C:\Users\emapta\.m2\repository\com\fasterxml\jackson\module\jackson-module-parameter-names\2.17.1\jackson-module-parameter-names-2.17.1.jar;C:\Users\emapta\.m2\repository\io\camunda\spring\java-client-operate\8.5.7\java-client-operate-8.5.7.jar;C:\Users\emapta\.m2\repository\io\camunda\spring\java-common\8.5.7\java-common-8.5.7.jar;C:\Users\emapta\.m2\repository\com\google\guava\guava\33.0.0-jre\guava-33.0.0-jre.jar;C:\Users\emapta\.m2\repository\com\google\guava\failureaccess\1.0.2\failureaccess-1.0.2.jar;C:\Users\emapta\.m2\repository\com\google\guava\listenablefuture\9999.0-empty-to-avoid-conflict-with-guava\listenablefuture-9999.0-empty-to-avoid-conflict-with-guava.jar;C:\Users\emapta\.m2\repository\org\checkerframework\checker-qual\3.41.0\checker-qual-3.41.0.jar;C:\Users\emapta\.m2\repository\com\google\j2objc\j2objc-annotations\2.8\j2objc-annotations-2.8.jar;C:\Users\emapta\.m2\repository\io\camunda\zeebe-bpmn-model\8.5.10\zeebe-bpmn-model-8.5.10.jar;C:\Users\emapta\.m2\repository\org\camunda\bpm\model\camunda-xml-model\7.22.0\camunda-xml-model-7.22.0.jar;C:\Users\emapta\.m2\repository\io\github\resilience4j\resilience4j-retry\2.2.0\resilience4j-retry-2.2.0.jar;C:\Users\emapta\.m2\repository\io\github\resilience4j\resilience4j-core\2.2.0\resilience4j-core-2.2.0.jar;C:\Users\emapta\.m2\repository\io\camunda\spring\spring-client-common\8.5.7\spring-client-common-8.5.7.jar;C:\Users\emapta\.m2\repository\io\camunda\identity-spring-boot-autoconfigure\8.5.3\identity-spring-boot-autoconfigure-8.5.3.jar;C:\Users\emapta\.m2\repository\io\camunda\identity-sdk\8.5.3\identity-sdk-8.5.3.jar;C:\Users\emapta\.m2\repository\com\auth0\java-jwt\4.4.0\java-jwt-4.4.0.jar;C:\Users\emapta\.m2\repository\com\auth0\auth0\1.45.1\auth0-1.45.1.jar;C:\Users\emapta\.m2\repository\com\squareup\okhttp3\okhttp\4.12.0\okhttp-4.12.0.jar;C:\Users\emapta\.m2\repository\com\squareup\okio\okio\3.5.0\okio-3.5.0.jar;C:\Users\emapta\.m2\repository\com\squareup\okio\okio-jvm\3.5.0\okio-jvm-3.5.0.jar;C:\Users\emapta\.m2\repository\com\squareup\okhttp3\logging-interceptor\4.12.0\logging-interceptor-4.12.0.jar;C:\Users\emapta\.m2\repository\net\jodah\failsafe\2.4.1\failsafe-2.4.1.jar;C:\Users\emapta\.m2\repository\com\auth0\jwks-rsa\0.22.1\jwks-rsa-0.22.1.jar;C:\Users\emapta\.m2\repository\org\apache\commons\commons-collections4\4.4\commons-collections4-4.4.jar;C:\Users\emapta\.m2\repository\org\ehcache\ehcache\3.10.8\ehcache-3.10.8.jar;C:\Users\emapta\.m2\repository\javax\cache\cache-api\1.1.1\cache-api-1.1.1.jar;C:\Users\emapta\.m2\repository\org\slf4j\slf4j-api\2.0.13\slf4j-api-2.0.13.jar;C:\Users\emapta\.m2\repository\org\springframework\boot\spring-boot-starter-test\3.3.0\spring-boot-starter-test-3.3.0.jar;C:\Users\emapta\.m2\repository\org\springframework\boot\spring-boot-test\3.3.0\spring-boot-test-3.3.0.jar;C:\Users\emapta\.m2\repository\org\springframework\boot\spring-boot-test-autoconfigure\3.3.0\spring-boot-test-autoconfigure-3.3.0.jar;C:\Users\emapta\.m2\repository\com\jayway\jsonpath\json-path\2.9.0\json-path-2.9.0.jar;C:\Users\emapta\.m2\repository\jakarta\xml\bind\jakarta.xml.bind-api\4.0.2\jakarta.xml.bind-api-4.0.2.jar;C:\Users\emapta\.m2\repository\jakarta\activation\jakarta.activation-api\2.1.3\jakarta.activation-api-2.1.3.jar;C:\Users\emapta\.m2\repository\net\minidev\json-smart\2.5.1\json-smart-2.5.1.jar;C:\Users\emapta\.m2\repository\net\minidev\accessors-smart\2.5.1\accessors-smart-2.5.1.jar;C:\Users\emapta\.m2\repository\org\ow2\asm\asm\9.6\asm-9.6.jar;C:\Users\emapta\.m2\repository\org\assertj\assertj-core\3.25.3\assertj-core-3.25.3.jar;C:\Users\emapta\.m2\repository\net\bytebuddy\byte-buddy\1.14.16\byte-buddy-1.14.16.jar;C:\Users\emapta\.m2\repository\org\awaitility\awaitility\4.2.1\awaitility-4.2.1.jar;C:\Users\emapta\.m2\repository\org\hamcrest\hamcrest\2.2\hamcrest-2.2.jar;C:\Users\emapta\.m2\repository\org\junit\jupiter\junit-jupiter\5.10.2\junit-jupiter-5.10.2.jar;C:\Users\emapta\.m2\repository\org\junit\jupiter\junit-jupiter-api\5.10.2\junit-jupiter-api-5.10.2.jar;C:\Users\emapta\.m2\repository\org\opentest4j\opentest4j\1.3.0\opentest4j-1.3.0.jar;C:\Users\emapta\.m2\repository\org\apiguardian\apiguardian-api\1.1.2\apiguardian-api-1.1.2.jar;C:\Users\emapta\.m2\repository\org\junit\jupiter\junit-jupiter-params\5.10.2\junit-jupiter-params-5.10.2.jar;C:\Users\emapta\.m2\repository\org\junit\jupiter\junit-jupiter-engine\5.10.2\junit-jupiter-engine-5.10.2.jar;C:\Users\emapta\.m2\repository\org\junit\platform\junit-platform-engine\1.10.2\junit-platform-engine-1.10.2.jar;C:\Users\emapta\.m2\repository\org\mockito\mockito-core\5.11.0\mockito-core-5.11.0.jar;C:\Users\emapta\.m2\repository\net\bytebuddy\byte-buddy-agent\1.14.16\byte-buddy-agent-1.14.16.jar;C:\Users\emapta\.m2\repository\org\objenesis\objenesis\3.3\objenesis-3.3.jar;C:\Users\emapta\.m2\repository\org\mockito\mockito-junit-jupiter\5.11.0\mockito-junit-jupiter-5.11.0.jar;C:\Users\emapta\.m2\repository\org\skyscreamer\jsonassert\1.5.1\jsonassert-1.5.1.jar;C:\Users\emapta\.m2\repository\com\vaadin\external\google\android-json\0.0.20131108.vaadin1\android-json-0.0.20131108.vaadin1.jar;C:\Users\emapta\.m2\repository\org\springframework\spring-test\6.1.8\spring-test-6.1.8.jar;C:\Users\emapta\.m2\repository\org\xmlunit\xmlunit-core\2.9.1\xmlunit-core-2.9.1.jar;C:\Users\emapta\.m2\repository\io\camunda\spring\spring-boot-starter-camunda-test\8.5.7\spring-boot-starter-camunda-test-8.5.7.jar;C:\Users\emapta\.m2\repository\io\camunda\spring\spring-boot-starter-camunda-test-common\8.5.7\spring-boot-starter-camunda-test-common-8.5.7.jar;C:\Users\emapta\.m2\repository\io\camunda\zeebe-process-test-extension\8.5.4\zeebe-process-test-extension-8.5.4.jar;C:\Users\emapta\.m2\repository\io\camunda\zeebe-process-test-engine\8.5.4\zeebe-process-test-engine-8.5.4.jar;C:\Users\emapta\.m2\repository\io\camunda\zeebe-workflow-engine\8.5.4\zeebe-workflow-engine-8.5.4.jar;C:\Users\emapta\.m2\repository\io\camunda\zeebe-msgpack-core\8.5.4\zeebe-msgpack-core-8.5.4.jar;C:\Users\emapta\.m2\repository\io\camunda\zeebe-expression-language\8.5.4\zeebe-expression-language-8.5.4.jar;C:\Users\emapta\.m2\repository\io\camunda\zeebe-feel-integration\8.5.4\zeebe-feel-integration-8.5.4.jar;C:\Users\emapta\.m2\repository\org\scala-lang\scala-library\2.13.14\scala-library-2.13.14.jar;C:\Users\emapta\.m2\repository\io\camunda\zeebe-dmn\8.5.4\zeebe-dmn-8.5.4.jar;C:\Users\emapta\.m2\repository\org\camunda\bpm\extension\dmn\scala\dmn-engine\1.9.0\dmn-engine-1.9.0.jar;C:\Users\emapta\.m2\repository\org\camunda\bpm\model\camunda-dmn-model\7.20.0\camunda-dmn-model-7.20.0.jar;C:\Users\emapta\.m2\repository\io\camunda\zeebe-auth\8.5.4\zeebe-auth-8.5.4.jar;C:\Users\emapta\.m2\repository\io\prometheus\simpleclient\0.16.0\simpleclient-0.16.0.jar;C:\Users\emapta\.m2\repository\io\prometheus\simpleclient_tracer_otel\0.16.0\simpleclient_tracer_otel-0.16.0.jar;C:\Users\emapta\.m2\repository\io\prometheus\simpleclient_tracer_common\0.16.0\simpleclient_tracer_common-0.16.0.jar;C:\Users\emapta\.m2\repository\io\prometheus\simpleclient_tracer_otel_agent\0.16.0\simpleclient_tracer_otel_agent-0.16.0.jar;C:\Users\emapta\.m2\repository\com\cronutils\cron-utils\9.2.1\cron-utils-9.2.1.jar;C:\Users\emapta\.m2\repository\org\camunda\feel\feel-engine\1.17.7\feel-engine-1.17.7.jar;C:\Users\emapta\.m2\repository\com\lihaoyi\fastparse_2.13\3.0.2\fastparse_2.13-3.0.2.jar;C:\Users\emapta\.m2\repository\com\lihaoyi\sourcecode_2.13\0.3.0\sourcecode_2.13-0.3.0.jar;C:\Users\emapta\.m2\repository\com\lihaoyi\geny_2.13\1.0.0\geny_2.13-1.0.0.jar;C:\Users\emapta\.m2\repository\io\camunda\zeebe-util\8.5.4\zeebe-util-8.5.4.jar;C:\Users\emapta\.m2\repository\org\apache\logging\log4j\log4j-core\2.23.1\log4j-core-2.23.1.jar;C:\Users\emapta\.m2\repository\org\springframework\boot\spring-boot-actuator\3.3.0\spring-boot-actuator-3.3.0.jar;C:\Users\emapta\.m2\repository\org\springframework\boot\spring-boot-actuator-autoconfigure\3.3.0\spring-boot-actuator-autoconfigure-3.3.0.jar;C:\Users\emapta\.m2\repository\io\camunda\zeebe-logstreams\8.5.4\zeebe-logstreams-8.5.4.jar;C:\Users\emapta\.m2\repository\com\netflix\concurrency-limits\concurrency-limits-core\0.4.2\concurrency-limits-core-0.4.2.jar;C:\Users\emapta\.m2\repository\io\camunda\zeebe-msgpack-value\8.5.4\zeebe-msgpack-value-8.5.4.jar;C:\Users\emapta\.m2\repository\io\camunda\zeebe-protocol\8.5.10\zeebe-protocol-8.5.10.jar;C:\Users\emapta\.m2\repository\io\camunda\zeebe-protocol-impl\8.5.4\zeebe-protocol-impl-8.5.4.jar;C:\Users\emapta\.m2\repository\org\msgpack\jackson-dataformat-msgpack\0.9.8\jackson-dataformat-msgpack-0.9.8.jar;C:\Users\emapta\.m2\repository\org\msgpack\msgpack-core\0.9.8\msgpack-core-0.9.8.jar;C:\Users\emapta\.m2\repository\io\camunda\zeebe-db\8.5.4\zeebe-db-8.5.4.jar;C:\Users\emapta\.m2\repository\io\camunda\zeebe-snapshots\8.5.4\zeebe-snapshots-8.5.4.jar;C:\Users\emapta\.m2\repository\org\rocksdb\rocksdbjni\8.11.4\rocksdbjni-8.11.4.jar;C:\Users\emapta\.m2\repository\io\camunda\zeebe-scheduler\8.5.4\zeebe-scheduler-8.5.4.jar;C:\Users\emapta\.m2\repository\org\jetbrains\annotations\24.1.0\annotations-24.1.0.jar;C:\Users\emapta\.m2\repository\io\camunda\zeebe-stream-platform\8.5.4\zeebe-stream-platform-8.5.4.jar;C:\Users\emapta\.m2\repository\com\google\api\grpc\proto-google-common-protos\2.37.1\proto-google-common-protos-2.37.1.jar;C:\Users\emapta\.m2\repository\org\agrona\agrona\1.21.0\agrona-1.21.0.jar;C:\Users\emapta\.m2\repository\io\grpc\grpc-protobuf\1.62.2\grpc-protobuf-1.62.2.jar;C:\Users\emapta\.m2\repository\io\grpc\grpc-protobuf-lite\1.62.2\grpc-protobuf-lite-1.62.2.jar;C:\Users\emapta\.m2\repository\io\camunda\zeebe-process-test-assertions\8.5.4\zeebe-process-test-assertions-8.5.4.jar;C:\Users\emapta\.m2\repository\io\camunda\zeebe-process-test-filters\8.5.4\zeebe-process-test-filters-8.5.4.jar;C:\Users\emapta\.m2\repository\io\camunda\zeebe-process-test-api\8.5.4\zeebe-process-test-api-8.5.4.jar;C:\Users\emapta\.m2\repository\org\junit\platform\junit-platform-commons\1.10.2\junit-platform-commons-1.10.2.jar;C:\Users\emapta\.m2\repository\org\camunda\community\process_test_coverage\camunda-process-test-coverage-junit5-platform-8\2.7.0\camunda-process-test-coverage-junit5-platform-8-2.7.0.jar;C:\Users\emapta\.m2\repository\org\camunda\community\process_test_coverage\camunda-process-test-coverage-junit5-common\2.7.0\camunda-process-test-coverage-junit5-common-2.7.0.jar;C:\Users\emapta\.m2\repository\org\camunda\community\process_test_coverage\camunda-process-test-coverage-core\2.7.0\camunda-process-test-coverage-core-2.7.0.jar;C:\Users\emapta\.m2\repository\org\camunda\community\process_test_coverage\camunda-process-test-coverage-engine-platform-8\2.7.0\camunda-process-test-coverage-engine-platform-8-2.7.0.jar;C:\Users\emapta\.m2\repository\com\google\code\gson\gson\2.10.1\gson-2.10.1.jar;C:\Users\emapta\.m2\repository\org\camunda\community\process_test_coverage\camunda-process-test-coverage-report-generator\2.7.0\camunda-process-test-coverage-report-generator-2.7.0.jar;C:\Users\emapta\.m2\repository\org\apache\commons\commons-lang3\3.14.0\commons-lang3-3.14.0.jar;C:\Users\emapta\.m2\repository\io\github\microutils\kotlin-logging-jvm\3.0.5\kotlin-logging-jvm-3.0.5.jar;C:\Users\emapta\.m2\repository\org\jetbrains\kotlin\kotlin-stdlib-jdk8\1.9.24\kotlin-stdlib-jdk8-1.9.24.jar;C:\Users\emapta\.m2\repository\org\jetbrains\kotlin\kotlin-stdlib\1.9.24\kotlin-stdlib-1.9.24.jar;C:\Users\emapta\.m2\repository\org\jetbrains\kotlin\kotlin-stdlib-jdk7\1.9.24\kotlin-stdlib-jdk7-1.9.24.jar;C:\Users\emapta\.m2\repository\org\jetbrains\kotlin\kotlin-stdlib-common\1.9.24\kotlin-stdlib-common-1.9.24.jar;C:\Users\emapta\.m2\repository\org\springframework\boot\spring-boot-starter-webflux\3.3.0\spring-boot-starter-webflux-3.3.0.jar;C:\Users\emapta\.m2\repository\org\springframework\boot\spring-boot-starter-reactor-netty\3.3.0\spring-boot-starter-reactor-netty-3.3.0.jar;C:\Users\emapta\.m2\repository\io\projectreactor\netty\reactor-netty-http\1.1.19\reactor-netty-http-1.1.19.jar;C:\Users\emapta\.m2\repository\io\netty\netty-codec-http\4.1.110.Final\netty-codec-http-4.1.110.Final.jar;C:\Users\emapta\.m2\repository\io\netty\netty-codec-http2\4.1.110.Final\netty-codec-http2-4.1.110.Final.jar;C:\Users\emapta\.m2\repository\io\netty\netty-resolver-dns\4.1.110.Final\netty-resolver-dns-4.1.110.Final.jar;C:\Users\emapta\.m2\repository\io\netty\netty-codec-dns\4.1.110.Final\netty-codec-dns-4.1.110.Final.jar;C:\Users\emapta\.m2\repository\io\netty\netty-resolver-dns-native-macos\4.1.110.Final\netty-resolver-dns-native-macos-4.1.110.Final-osx-x86_64.jar;C:\Users\emapta\.m2\repository\io\netty\netty-resolver-dns-classes-macos\4.1.110.Final\netty-resolver-dns-classes-macos-4.1.110.Final.jar;C:\Users\emapta\.m2\repository\io\netty\netty-transport-native-epoll\4.1.110.Final\netty-transport-native-epoll-4.1.110.Final-linux-x86_64.jar;C:\Users\emapta\.m2\repository\io\netty\netty-transport-classes-epoll\4.1.110.Final\netty-transport-classes-epoll-4.1.110.Final.jar;C:\Users\emapta\.m2\repository\io\projectreactor\netty\reactor-netty-core\1.1.19\reactor-netty-core-1.1.19.jar;C:\Users\emapta\.m2\repository\org\springframework\spring-web\6.1.8\spring-web-6.1.8.jar;C:\Users\emapta\.m2\repository\org\springframework\spring-beans\6.1.8\spring-beans-6.1.8.jar;C:\Users\emapta\.m2\repository\io\micrometer\micrometer-observation\1.13.0\micrometer-observation-1.13.0.jar;C:\Users\emapta\.m2\repository\io\micrometer\micrometer-commons\1.13.0\micrometer-commons-1.13.0.jar;C:\Users\emapta\.m2\repository\org\springframework\spring-webflux\6.1.8\spring-webflux-6.1.8.jar;C:\Users\emapta\.m2\repository\io\projectreactor\reactor-core\3.6.6\reactor-core-3.6.6.jar;C:\Users\emapta\.m2\repository\org\reactivestreams\reactive-streams\1.0.4\reactive-streams-1.0.4.jar;"/>
    <property name="sun.cpu.endian" value="little"/>
    <property name="user.home" value="C:\Users\emapta"/>
    <property name="user.language" value="en"/>
    <property name="java.specification.vendor" value="Oracle Corporation"/>
    <property name="java.version.date" value="2024-10-15"/>
    <property name="java.home" value="C:\Program Files\Java\jdk-21"/>
    <property name="file.separator" value="\"/>
    <property name="basedir" value="C:\Users\emapta\Desktop\Work\AngleFinance\TestAutomation\camunda-8-examples-main\camunda-8-examples-main\twitter-review-java-springboot"/>
    <property name="java.vm.compressedOopsMode" value="Zero based"/>
    <property name="line.separator" value="&#10;"/>
    <property name="java.vm.specification.vendor" value="Oracle Corporation"/>
    <property name="java.specification.name" value="Java Platform API Specification"/>
    <property name="FILE_LOG_CHARSET" value="UTF-8"/>
    <property name="java.awt.headless" value="true"/>
    <property name="surefire.real.class.path" value="C:\Users\emapta\AppData\Local\Temp\surefire10985751623193735112\surefirebooter-20250113120738735_3.jar"/>
    <property name="user.script" value=""/>
    <property name="sun.management.compiler" value="HotSpot 64-Bit Tiered Compilers"/>
    <property name="java.runtime.version" value="21.0.5+9-LTS-239"/>
    <property name="user.name" value="emapta"/>
    <property name="stdout.encoding" value="Cp1252"/>
    <property name="path.separator" value=";"/>
    <property name="os.version" value="10.0"/>
    <property name="java.runtime.name" value="Java(TM) SE Runtime Environment"/>
    <property name="file.encoding" value="UTF-8"/>
    <property name="java.vm.name" value="Java HotSpot(TM) 64-Bit Server VM"/>
    <property name="maven.ext.class.path" value="C:\Users\emapta\.vscode\extensions\oracle.oracle-java-23.0.1\nbcode\java\maven-nblib\netbeans-eventspy.jar"/>
    <property name="localRepository" value="C:\Users\emapta\.m2\repository"/>
    <property name="java.vendor.url.bug" value="https://bugreport.java.com/bugreport/"/>
    <property name="java.io.tmpdir" value="C:\Users\emapta\AppData\Local\Temp\"/>
    <property name="java.version" value="21.0.5"/>
    <property name="user.dir" value="C:\Users\emapta\Desktop\Work\AngleFinance\TestAutomation\camunda-8-examples-main\camunda-8-examples-main\twitter-review-java-springboot"/>
    <property name="os.arch" value="amd64"/>
    <property name="java.vm.specification.name" value="Java Virtual Machine Specification"/>
    <property name="PID" value="3116"/>
    <property name="sun.os.patch.level" value=""/>
    <property name="CONSOLE_LOG_CHARSET" value="UTF-8"/>
    <property name="native.encoding" value="Cp1252"/>
    <property name="java.library.path" value="C:\Program Files\Java\jdk-21\bin;C:\WINDOWS\Sun\Java\bin;C:\WINDOWS\system32;C:\WINDOWS;C:\Program Files\Common Files\Oracle\Java\javapath;C:\WINDOWS\system32;C:\WINDOWS;C:\WINDOWS\System32\Wbem;C:\WINDOWS\System32\WindowsPowerShell\v1.0\;C:\WINDOWS\System32\OpenSSH\;C:\Program Files\dotnet\;C:\Program Files (x86)\NVIDIA Corporation\PhysX\Common;C:\Users\emapta\AppData\Local\Microsoft\WindowsApps;C:\Users\emapta\AppData\Local\Programs\Microsoft VS Code\bin;."/>
    <property name="java.vm.info" value="mixed mode, sharing"/>
    <property name="stderr.encoding" value="Cp1252"/>
    <property name="java.vendor" value="Oracle Corporation"/>
    <property name="java.vm.version" value="21.0.5+9-LTS-239"/>
    <property name="sun.io.unicode.encoding" value="UnicodeLittle"/>
    <property name="java.class.version" value="65.0"/>
  </properties>
  <testcase name="TestBPMN" classname="org.camunda.community.examples.twitter.BPMNTest" time="2.781">
    <system-out><![CDATA[12:07:39.528 [main] INFO org.springframework.test.context.support.AnnotationConfigContextLoaderUtils -- Could not detect default configuration classes for test class [org.camunda.community.examples.twitter.BPMNTest]: BPMNTest does not declare any static, non-private, non-final, nested classes annotated with @Configuration.
12:07:39.630 [main] INFO org.springframework.boot.test.context.SpringBootTestContextBootstrapper -- Found @SpringBootConfiguration org.camunda.community.examples.twitter.TwitterExampleApplication for test class org.camunda.community.examples.twitter.BPMNTest
  .   ____          _            __ _ _
 /\\ / ___'_ __ _ _(_)_ __  __ _ \ \ \ \
( ( )\___ | '_ | '_| | '_ \/ _` | \ \ \ \
 \\/  ___)| |_)| | | | | || (_| |  ) ) ) )
  '  |____| .__|_| |_|_| |_\__, | / / / /
 =========|_|==============|___/=/_/_/_/

 :: Spring Boot ::                (v3.3.0)

2025-01-13T12:07:39.994+08:00  INFO 3116 --- [           main] o.c.community.examples.twitter.BPMNTest  : Starting BPMNTest using Java 21.0.5 with PID 3116 (started by emapta in C:\Users\emapta\Desktop\Work\AngleFinance\TestAutomation\camunda-8-examples-main\camunda-8-examples-main\twitter-review-java-springboot)
2025-01-13T12:07:39.996+08:00  INFO 3116 --- [           main] o.c.community.examples.twitter.BPMNTest  : No active profile set, falling back to 1 default profile: "default"
2025-01-13T12:07:40.823+08:00  WARN 3116 --- [           main] trationDelegate$BeanPostProcessorChecker : Bean 'io.camunda.zeebe.spring.client.annotation.processor.AnnotationProcessorConfiguration' of type [io.camunda.zeebe.spring.client.annotation.processor.AnnotationProcessorConfiguration] is not eligible for getting processed by all BeanPostProcessors (for example: not eligible for auto-proxying). The currently created BeanPostProcessor [zeebeAnnotationProcessorRegistry] is declared through a non-static factory method on that class; consider declaring it as static instead.
2025-01-13T12:07:40.828+08:00  WARN 3116 --- [           main] trationDelegate$BeanPostProcessorChecker : Bean 'deploymentPostProcessor' of type [io.camunda.zeebe.spring.client.annotation.processor.ZeebeDeploymentAnnotationProcessor] is not eligible for getting processed by all BeanPostProcessors (for example: not eligible for auto-proxying). Is this bean getting eagerly injected into a currently created BeanPostProcessor [zeebeAnnotationProcessorRegistry]? Check the corresponding BeanPostProcessor declaration and its dependencies.
2025-01-13T12:07:40.859+08:00  WARN 3116 --- [           main] trationDelegate$BeanPostProcessorChecker : Bean 'zeebe.client-io.camunda.zeebe.spring.client.properties.ZeebeClientConfigurationProperties' of type [io.camunda.zeebe.spring.client.properties.ZeebeClientConfigurationProperties] is not eligible for getting processed by all BeanPostProcessors (for example: not eligible for auto-proxying). Is this bean getting eagerly injected into a currently created BeanPostProcessor [zeebeAnnotationProcessorRegistry]? Check the corresponding BeanPostProcessor declaration and its dependencies.
2025-01-13T12:07:40.861+08:00  WARN 3116 --- [           main] trationDelegate$BeanPostProcessorChecker : Bean 'camunda.client-io.camunda.zeebe.spring.client.properties.CamundaClientProperties' of type [io.camunda.zeebe.spring.client.properties.CamundaClientProperties] is not eligible for getting processed by all BeanPostProcessors (for example: not eligible for auto-proxying). Is this bean getting eagerly injected into a currently created BeanPostProcessor [zeebeAnnotationProcessorRegistry]? Check the corresponding BeanPostProcessor declaration and its dependencies.
2025-01-13T12:07:40.863+08:00  WARN 3116 --- [           main] trationDelegate$BeanPostProcessorChecker : Bean 'io.camunda.zeebe.spring.client.configuration.ZeebeClientAllAutoConfiguration' of type [io.camunda.zeebe.spring.client.configuration.ZeebeClientAllAutoConfiguration] is not eligible for getting processed by all BeanPostProcessors (for example: not eligible for auto-proxying). Is this bean getting eagerly injected into a currently created BeanPostProcessor [zeebeAnnotationProcessorRegistry]? Check the corresponding BeanPostProcessor declaration and its dependencies.
2025-01-13T12:07:40.866+08:00  WARN 3116 --- [           main] trationDelegate$BeanPostProcessorChecker : Bean 'zeebeClientExecutorService' of type [io.camunda.zeebe.spring.client.jobhandling.ZeebeClientExecutorService] is not eligible for getting processed by all BeanPostProcessors (for example: not eligible for auto-proxying). Is this bean getting eagerly injected into a currently created BeanPostProcessor [zeebeAnnotationProcessorRegistry]? Check the corresponding BeanPostProcessor declaration and its dependencies.
2025-01-13T12:07:40.869+08:00  WARN 3116 --- [           main] trationDelegate$BeanPostProcessorChecker : Bean 'commandExceptionHandlingStrategy' of type [io.camunda.zeebe.spring.client.jobhandling.DefaultCommandExceptionHandlingStrategy] is not eligible for getting processed by all BeanPostProcessors (for example: not eligible for auto-proxying). Is this bean getting eagerly injected into a currently created BeanPostProcessor [zeebeAnnotationProcessorRegistry]? Check the corresponding BeanPostProcessor declaration and its dependencies.
2025-01-13T12:07:40.870+08:00  WARN 3116 --- [           main] trationDelegate$BeanPostProcessorChecker : Bean 'io.camunda.zeebe.spring.client.configuration.MetricsDefaultConfiguration' of type [io.camunda.zeebe.spring.client.configuration.MetricsDefaultConfiguration] is not eligible for getting processed by all BeanPostProcessors (for example: not eligible for auto-proxying). Is this bean getting eagerly injected into a currently created BeanPostProcessor [zeebeAnnotationProcessorRegistry]? Check the corresponding BeanPostProcessor declaration and its dependencies.
2025-01-13T12:07:40.871+08:00  WARN 3116 --- [           main] trationDelegate$BeanPostProcessorChecker : Bean 'noopMetricsRecorder' of type [io.camunda.zeebe.spring.client.metrics.DefaultNoopMetricsRecorder] is not eligible for getting processed by all BeanPostProcessors (for example: not eligible for auto-proxying). Is this bean getting eagerly injected into a currently created BeanPostProcessor [zeebeAnnotationProcessorRegistry]? Check the corresponding BeanPostProcessor declaration and its dependencies.
2025-01-13T12:07:40.873+08:00  WARN 3116 --- [           main] trationDelegate$BeanPostProcessorChecker : Bean 'org.springframework.boot.autoconfigure.jackson.JacksonAutoConfiguration$JacksonObjectMapperConfiguration' of type [org.springframework.boot.autoconfigure.jackson.JacksonAutoConfiguration$JacksonObjectMapperConfiguration] is not eligible for getting processed by all BeanPostProcessors (for example: not eligible for auto-proxying). Is this bean getting eagerly injected into a currently created BeanPostProcessor [zeebeAnnotationProcessorRegistry]? Check the corresponding BeanPostProcessor declaration and its dependencies.
2025-01-13T12:07:40.873+08:00  WARN 3116 --- [           main] trationDelegate$BeanPostProcessorChecker : Bean 'org.springframework.boot.autoconfigure.jackson.JacksonAutoConfiguration$JacksonObjectMapperBuilderConfiguration' of type [org.springframework.boot.autoconfigure.jackson.JacksonAutoConfiguration$JacksonObjectMapperBuilderConfiguration] is not eligible for getting processed by all BeanPostProcessors (for example: not eligible for auto-proxying). Is this bean getting eagerly injected into a currently created BeanPostProcessor [zeebeAnnotationProcessorRegistry]? Check the corresponding BeanPostProcessor declaration and its dependencies.
2025-01-13T12:07:40.879+08:00  WARN 3116 --- [           main] trationDelegate$BeanPostProcessorChecker : Bean 'org.springframework.boot.autoconfigure.jackson.JacksonAutoConfiguration$Jackson2ObjectMapperBuilderCustomizerConfiguration' of type [org.springframework.boot.autoconfigure.jackson.JacksonAutoConfiguration$Jackson2ObjectMapperBuilderCustomizerConfiguration] is not eligible for getting processed by all BeanPostProcessors (for example: not eligible for auto-proxying). Is this bean getting eagerly injected into a currently created BeanPostProcessor [zeebeAnnotationProcessorRegistry]? Check the corresponding BeanPostProcessor declaration and its dependencies.
2025-01-13T12:07:40.883+08:00  WARN 3116 --- [           main] trationDelegate$BeanPostProcessorChecker : Bean 'spring.jackson-org.springframework.boot.autoconfigure.jackson.JacksonProperties' of type [org.springframework.boot.autoconfigure.jackson.JacksonProperties] is not eligible for getting processed by all BeanPostProcessors (for example: not eligible for auto-proxying). Is this bean getting eagerly injected into a currently created BeanPostProcessor [zeebeAnnotationProcessorRegistry]? Check the corresponding BeanPostProcessor declaration and its dependencies.
2025-01-13T12:07:40.883+08:00  WARN 3116 --- [           main] trationDelegate$BeanPostProcessorChecker : Bean 'org.springframework.boot.autoconfigure.jackson.JacksonAutoConfiguration$ParameterNamesModuleConfiguration' of type [org.springframework.boot.autoconfigure.jackson.JacksonAutoConfiguration$ParameterNamesModuleConfiguration] is not eligible for getting processed by all BeanPostProcessors (for example: not eligible for auto-proxying). Is this bean getting eagerly injected into a currently created BeanPostProcessor [zeebeAnnotationProcessorRegistry]? Check the corresponding BeanPostProcessor declaration and its dependencies.
2025-01-13T12:07:40.883+08:00  WARN 3116 --- [           main] trationDelegate$BeanPostProcessorChecker : Bean 'parameterNamesModule' of type [com.fasterxml.jackson.module.paramnames.ParameterNamesModule] is not eligible for getting processed by all BeanPostProcessors (for example: not eligible for auto-proxying). Is this bean getting eagerly injected into a currently created BeanPostProcessor [zeebeAnnotationProcessorRegistry]? Check the corresponding BeanPostProcessor declaration and its dependencies.
2025-01-13T12:07:40.883+08:00  WARN 3116 --- [           main] trationDelegate$BeanPostProcessorChecker : Bean 'org.springframework.boot.autoconfigure.jackson.JacksonAutoConfiguration$JacksonMixinConfiguration' of type [org.springframework.boot.autoconfigure.jackson.JacksonAutoConfiguration$JacksonMixinConfiguration] is not eligible for getting processed by all BeanPostProcessors (for example: not eligible for auto-proxying). Is this bean getting eagerly injected into a currently created BeanPostProcessor [zeebeAnnotationProcessorRegistry]? Check the corresponding BeanPostProcessor declaration and its dependencies.
2025-01-13T12:07:40.899+08:00  WARN 3116 --- [           main] trationDelegate$BeanPostProcessorChecker : Bean 'jsonMixinModuleEntries' of type [org.springframework.boot.jackson.JsonMixinModuleEntries] is not eligible for getting processed by all BeanPostProcessors (for example: not eligible for auto-proxying). Is this bean getting eagerly injected into a currently created BeanPostProcessor [zeebeAnnotationProcessorRegistry]? Check the corresponding BeanPostProcessor declaration and its dependencies.
2025-01-13T12:07:40.899+08:00  WARN 3116 --- [           main] trationDelegate$BeanPostProcessorChecker : Bean 'jsonMixinModule' of type [org.springframework.boot.jackson.JsonMixinModule] is not eligible for getting processed by all BeanPostProcessors (for example: not eligible for auto-proxying). Is this bean getting eagerly injected into a currently created BeanPostProcessor [zeebeAnnotationProcessorRegistry]? Check the corresponding BeanPostProcessor declaration and its dependencies.
2025-01-13T12:07:40.899+08:00  WARN 3116 --- [           main] trationDelegate$BeanPostProcessorChecker : Bean 'org.springframework.boot.autoconfigure.jackson.JacksonAutoConfiguration' of type [org.springframework.boot.autoconfigure.jackson.JacksonAutoConfiguration] is not eligible for getting processed by all BeanPostProcessors (for example: not eligible for auto-proxying). Is this bean getting eagerly injected into a currently created BeanPostProcessor [zeebeAnnotationProcessorRegistry]? Check the corresponding BeanPostProcessor declaration and its dependencies.
2025-01-13T12:07:40.899+08:00  WARN 3116 --- [           main] trationDelegate$BeanPostProcessorChecker : Bean 'jsonComponentModule' of type [org.springframework.boot.jackson.JsonComponentModule] is not eligible for getting processed by all BeanPostProcessors (for example: not eligible for auto-proxying). Is this bean getting eagerly injected into a currently created BeanPostProcessor [zeebeAnnotationProcessorRegistry]? Check the corresponding BeanPostProcessor declaration and its dependencies.
2025-01-13T12:07:40.914+08:00  WARN 3116 --- [           main] trationDelegate$BeanPostProcessorChecker : Bean 'standardJacksonObjectMapperBuilderCustomizer' of type [org.springframework.boot.autoconfigure.jackson.JacksonAutoConfiguration$Jackson2ObjectMapperBuilderCustomizerConfiguration$StandardJackson2ObjectMapperBuilderCustomizer] is not eligible for getting processed by all BeanPostProcessors (for example: not eligible for auto-proxying). Is this bean getting eagerly injected into a currently created BeanPostProcessor [zeebeAnnotationProcessorRegistry]? Check the corresponding BeanPostProcessor declaration and its dependencies.
2025-01-13T12:07:40.914+08:00  WARN 3116 --- [           main] trationDelegate$BeanPostProcessorChecker : Bean 'jacksonObjectMapperBuilder' of type [org.springframework.http.converter.json.Jackson2ObjectMapperBuilder] is not eligible for getting processed by all BeanPostProcessors (for example: not eligible for auto-proxying). Is this bean getting eagerly injected into a currently created BeanPostProcessor [zeebeAnnotationProcessorRegistry]? Check the corresponding BeanPostProcessor declaration and its dependencies.
2025-01-13T12:07:40.930+08:00  WARN 3116 --- [           main] trationDelegate$BeanPostProcessorChecker : Bean 'jacksonObjectMapper' of type [com.fasterxml.jackson.databind.ObjectMapper] is not eligible for getting processed by all BeanPostProcessors (for example: not eligible for auto-proxying). Is this bean getting eagerly injected into a currently created BeanPostProcessor [zeebeAnnotationProcessorRegistry]? Check the corresponding BeanPostProcessor declaration and its dependencies.
2025-01-13T12:07:40.930+08:00  WARN 3116 --- [           main] trationDelegate$BeanPostProcessorChecker : Bean 'io.camunda.zeebe.spring.client.configuration.JsonMapperConfiguration' of type [io.camunda.zeebe.spring.client.configuration.JsonMapperConfiguration$$SpringCGLIB$$0] is not eligible for getting processed by all BeanPostProcessors (for example: not eligible for auto-proxying). Is this bean getting eagerly injected into a currently created BeanPostProcessor [zeebeAnnotationProcessorRegistry]? Check the corresponding BeanPostProcessor declaration and its dependencies.
2025-01-13T12:07:40.930+08:00  WARN 3116 --- [           main] trationDelegate$BeanPostProcessorChecker : Bean 'zeebeJsonMapper' of type [io.camunda.zeebe.client.impl.ZeebeObjectMapper] is not eligible for getting processed by all BeanPostProcessors (for example: not eligible for auto-proxying). Is this bean getting eagerly injected into a currently created BeanPostProcessor [zeebeAnnotationProcessorRegistry]? Check the corresponding BeanPostProcessor declaration and its dependencies.
2025-01-13T12:07:40.930+08:00  WARN 3116 --- [           main] trationDelegate$BeanPostProcessorChecker : Bean 'parameterResolverStrategy' of type [io.camunda.zeebe.spring.client.jobhandling.parameter.DefaultParameterResolverStrategy] is not eligible for getting processed by all BeanPostProcessors (for example: not eligible for auto-proxying). Is this bean getting eagerly injected into a currently created BeanPostProcessor [zeebeAnnotationProcessorRegistry]? Check the corresponding BeanPostProcessor declaration and its dependencies.
2025-01-13T12:07:40.930+08:00  WARN 3116 --- [           main] trationDelegate$BeanPostProcessorChecker : Bean 'jobWorkerManager' of type [io.camunda.zeebe.spring.client.jobhandling.JobWorkerManager] is not eligible for getting processed by all BeanPostProcessors (for example: not eligible for auto-proxying). Is this bean getting eagerly injected into a currently created BeanPostProcessor [zeebeAnnotationProcessorRegistry]? Check the corresponding BeanPostProcessor declaration and its dependencies.
2025-01-13T12:07:40.952+08:00  WARN 3116 --- [           main] trationDelegate$BeanPostProcessorChecker : Bean 'propertyBasedZeebeWorkerValueCustomizer' of type [io.camunda.zeebe.spring.client.properties.PropertyBasedZeebeWorkerValueCustomizer] is not eligible for getting processed by all BeanPostProcessors (for example: not eligible for auto-proxying). Is this bean getting eagerly injected into a currently created BeanPostProcessor [zeebeAnnotationProcessorRegistry]? Check the corresponding BeanPostProcessor declaration and its dependencies.
2025-01-13T12:07:40.952+08:00  WARN 3116 --- [           main] trationDelegate$BeanPostProcessorChecker : Bean 'zeebeWorkerPostProcessor' of type [io.camunda.zeebe.spring.client.annotation.processor.ZeebeWorkerAnnotationProcessor] is not eligible for getting processed by all BeanPostProcessors (for example: not eligible for auto-proxying). Is this bean getting eagerly injected into a currently created BeanPostProcessor [zeebeAnnotationProcessorRegistry]? Check the corresponding BeanPostProcessor declaration and its dependencies.
2025-01-13T12:07:41.005+08:00  INFO 3116 --- [           main] c.a.p.ZeebeDeploymentAnnotationProcessor : Configuring deployment: ZeebeDeploymentValue{resources=[classpath*:*.bpmn], beanInfo=io.camunda.zeebe.spring.client.bean.ClassInfo@3134153d}
2025-01-13T12:07:41.030+08:00  INFO 3116 --- [           main] z.s.c.a.p.ZeebeWorkerAnnotationProcessor : Configuring 2 Zeebe worker(s) of bean 'twitterWorker': [ZeebeWorkerValue{type='send-rejection', name='', timeout=PT-0.001S, maxJobsActive=-1, requestTimeout=PT-1S, pollInterval=PT-0.001S, autoComplete=true, fetchVariables=[], enabled=true, methodInfo=io.camunda.zeebe.spring.client.bean.MethodInfo@7650ded6, tenantIds=[], forceFetchAllVariables=false, streamEnabled=false, streamTimeout=PT-0.001S}, ZeebeWorkerValue{type='publish-tweet', name='', timeout=PT-0.001S, maxJobsActive=-1, requestTimeout=PT-1S, pollInterval=PT-0.001S, autoComplete=true, fetchVariables=[], enabled=true, methodInfo=io.camunda.zeebe.spring.client.bean.MethodInfo@2c413ffc, tenantIds=[], forceFetchAllVariables=false, streamEnabled=false, streamTimeout=PT-0.001S}]
2025-01-13T12:07:41.441+08:00  INFO 3116 --- [           main] o.s.b.a.e.web.EndpointLinksResolver      : Exposing 1 endpoint beneath base path '/actuator'
2025-01-13T12:07:41.897+08:00  INFO 3116 --- [           main] org.ehcache.core.EhcacheManager          : Cache 'tokenCache' created in EhcacheManager.
2025-01-13T12:07:42.117+08:00  INFO 3116 --- [           main] o.c.community.examples.twitter.BPMNTest  : Started BPMNTest in 2.351 seconds (process running for 3.264)
2025-01-13T12:07:42.138+08:00  INFO 3116 --- [           main] i.c.z.s.test.ZeebeTestExecutionListener  : Create Zeebe in-memory engine for test run on random port: 52213...
2025-01-13T12:07:42.508+08:00  INFO 3116 --- [    zb-actors-0] io.camunda.zeebe.logstreams              : Recovered state of partition 1 from snapshot at position -1
2025-01-13T12:07:42.670+08:00  INFO 3116 --- [    zb-actors-0] org.camunda.feel.FeelEngine              : Engine created. [value-mapper: CompositeValueMapper(List(io.camunda.zeebe.feel.impl.MessagePackValueMapper@78de2e83)), function-provider: io.camunda.zeebe.feel.impl.FeelFunctionProvider@51047b20, clock: io.camunda.zeebe.engine.processing.bpmn.clock.ZeebeFeelEngineClock@15eb2b66, configuration: {externalFunctionsEnabled: false}]
2025-01-13T12:07:42.724+08:00  INFO 3116 --- [    zb-actors-0] org.camunda.dmn.DmnEngine                : DMN-Engine created. [value-mapper: CompositeValueMapper(List(io.camunda.zeebe.feel.impl.MessagePackValueMapper@7c7339c2)), function-provider: org.camunda.feel.context.FunctionProvider$EmptyFunctionProvider$@391fc236, audit-loggers: List(), configuration: Configuration(false,false,false)]
2025-01-13T12:07:42.729+08:00  INFO 3116 --- [    zb-actors-0] org.camunda.feel.FeelEngine              : Engine created. [value-mapper: CompositeValueMapper(List(org.camunda.dmn.NoUnpackValueMapper@2165728f)), function-provider: org.camunda.feel.context.FunctionProvider$EmptyFunctionProvider$@391fc236, clock: SystemClock, configuration: {externalFunctionsEnabled: false}]
2025-01-13T12:07:42.747+08:00  INFO 3116 --- [    zb-actors-0] org.camunda.dmn.DmnEngine                : DMN-Engine created. [value-mapper: CompositeValueMapper(List(io.camunda.zeebe.feel.impl.MessagePackValueMapper@79648e0c)), function-provider: org.camunda.feel.context.FunctionProvider$EmptyFunctionProvider$@391fc236, audit-loggers: List(), configuration: Configuration(false,false,false)]
2025-01-13T12:07:42.747+08:00  INFO 3116 --- [    zb-actors-0] org.camunda.feel.FeelEngine              : Engine created. [value-mapper: CompositeValueMapper(List(org.camunda.dmn.NoUnpackValueMapper@5040a34f)), function-provider: org.camunda.feel.context.FunctionProvider$EmptyFunctionProvider$@391fc236, clock: SystemClock, configuration: {externalFunctionsEnabled: false}]
2025-01-13T12:07:42.783+08:00  INFO 3116 --- [    zb-actors-0] org.camunda.dmn.DmnEngine                : DMN-Engine created. [value-mapper: CompositeValueMapper(List(io.camunda.zeebe.feel.impl.MessagePackValueMapper@c93e2a0)), function-provider: org.camunda.feel.context.FunctionProvider$EmptyFunctionProvider$@391fc236, audit-loggers: List(), configuration: Configuration(false,false,false)]
2025-01-13T12:07:42.783+08:00  INFO 3116 --- [    zb-actors-0] org.camunda.feel.FeelEngine              : Engine created. [value-mapper: CompositeValueMapper(List(org.camunda.dmn.NoUnpackValueMapper@17754752)), function-provider: org.camunda.feel.context.FunctionProvider$EmptyFunctionProvider$@391fc236, clock: SystemClock, configuration: {externalFunctionsEnabled: false}]
2025-01-13T12:07:42.783+08:00  INFO 3116 --- [    zb-actors-0] org.camunda.feel.FeelEngine              : Engine created. [value-mapper: CompositeValueMapper(List(io.camunda.zeebe.feel.impl.MessagePackValueMapper@3062c5e1)), function-provider: io.camunda.zeebe.feel.impl.FeelFunctionProvider@368ffa60, clock: io.camunda.zeebe.engine.processing.bpmn.clock.ZeebeFeelEngineClock@7ec4b0ff, configuration: {externalFunctionsEnabled: false}]
2025-01-13T12:07:42.800+08:00  INFO 3116 --- [    zb-actors-0] org.camunda.feel.FeelEngine              : Engine created. [value-mapper: CompositeValueMapper(List(io.camunda.zeebe.feel.impl.MessagePackValueMapper@7f78f8fb)), function-provider: io.camunda.zeebe.feel.impl.FeelFunctionProvider@35e6e75, clock: io.camunda.zeebe.engine.processing.bpmn.clock.ZeebeFeelEngineClock@6349e716, configuration: {externalFunctionsEnabled: false}]
2025-01-13T12:07:42.800+08:00  INFO 3116 --- [    zb-actors-0] org.camunda.feel.FeelEngine              : Engine created. [value-mapper: CompositeValueMapper(List(io.camunda.zeebe.feel.impl.MessagePackValueMapper@7cb3d9c8)), function-provider: io.camunda.zeebe.feel.impl.FeelFunctionProvider@5481ce7c, clock: io.camunda.zeebe.engine.processing.bpmn.clock.ZeebeFeelEngineClock@39cdcba2, configuration: {externalFunctionsEnabled: false}]
2025-01-13T12:07:42.848+08:00  INFO 3116 --- [    zb-actors-0] org.camunda.dmn.DmnEngine                : DMN-Engine created. [value-mapper: CompositeValueMapper(List(io.camunda.zeebe.feel.impl.MessagePackValueMapper@16b18aa4)), function-provider: org.camunda.feel.context.FunctionProvider$EmptyFunctionProvider$@391fc236, audit-loggers: List(), configuration: Configuration(false,false,false)]
2025-01-13T12:07:42.848+08:00  INFO 3116 --- [    zb-actors-0] org.camunda.feel.FeelEngine              : Engine created. [value-mapper: CompositeValueMapper(List(org.camunda.dmn.NoUnpackValueMapper@4bebeeea)), function-provider: org.camunda.feel.context.FunctionProvider$EmptyFunctionProvider$@391fc236, clock: SystemClock, configuration: {externalFunctionsEnabled: false}]
2025-01-13T12:07:42.937+08:00  INFO 3116 --- [    zb-actors-0] io.camunda.zeebe.processor               : Processor starts replay of events. [snapshot-position: -1, replay-mode: PROCESSING]
2025-01-13T12:07:42.939+08:00  INFO 3116 --- [           main] z.s.t.AbstractZeebeTestExecutionListener : Test engine setup. Now starting deployments and workers...
2025-01-13T12:07:42.938+08:00  INFO 3116 --- [    zb-actors-0] io.camunda.zeebe.processor               : Processor finished replay, with [lastProcessedPosition: -1, lastWrittenPosition: -1]
2025-01-13T12:07:43.951+08:00  INFO 3116 --- [           main] c.a.p.ZeebeDeploymentAnnotationProcessor : Deployed: <Echo_Test_Process:1>,<Process_16dlx30:1>,<TwitterDemoProcess:1>
2025-01-13T12:07:43.963+08:00  INFO 3116 --- [           main] i.c.z.s.c.jobhandling.JobWorkerManager   : . Starting Zeebe worker: ZeebeWorkerValue{type='send-rejection', name='twitterWorker#sendRejection', timeout=PT-0.001S, maxJobsActive=-1, requestTimeout=PT-1S, pollInterval=PT-0.001S, autoComplete=true, fetchVariables=[approved, boss, author, tweet], enabled=true, methodInfo=io.camunda.zeebe.spring.client.bean.MethodInfo@7650ded6, tenantIds=[], forceFetchAllVariables=false, streamEnabled=false, streamTimeout=PT-0.001S}
2025-01-13T12:07:43.964+08:00  INFO 3116 --- [           main] i.c.z.s.c.jobhandling.JobWorkerManager   : . Starting Zeebe worker: ZeebeWorkerValue{type='publish-tweet', name='twitterWorker#handleTweet', timeout=PT-0.001S, maxJobsActive=-1, requestTimeout=PT-1S, pollInterval=PT-0.001S, autoComplete=true, fetchVariables=[approved, boss, author, tweet], enabled=true, methodInfo=io.camunda.zeebe.spring.client.bean.MethodInfo@2c413ffc, tenantIds=[], forceFetchAllVariables=false, streamEnabled=false, streamTimeout=PT-0.001S}
2025-01-13T12:07:43.964+08:00  INFO 3116 --- [           main] z.s.t.AbstractZeebeTestExecutionListener : ...deployments and workers started.
2025-01-13T12:07:44.899+08:00  INFO 3116 --- [    zb-actors-4] io.camunda.zeebe.logstreams              : Close appender for log stream null
2025-01-13T12:07:44.899+08:00  INFO 3116 --- [    zb-actors-4] i.c.zeebe.logstreams.impl.log.Sequencer  : Closing sequencer for writing
2025-01-13T12:07:44.899+08:00  INFO 3116 --- [    zb-actors-4] io.camunda.zeebe.logstreams              : On closing logstream null close 2 readers
]]></system-out>
    <system-err><![CDATA[WARNING: A Java agent has been loaded dynamically (C:\Users\emapta\.m2\repository\net\bytebuddy\byte-buddy-agent\1.14.16\byte-buddy-agent-1.14.16.jar)
WARNING: If a serviceability tool is in use, please run with -XX:+EnableDynamicAgentLoading to hide this warning
WARNING: If a serviceability tool is not in use, please run with -Djdk.instrument.traceUsage for more information
WARNING: Dynamic loading of agents will be disallowed by default in a future release
]]></system-err>
  </testcase>
</testsuite>